<?xml version="1.0" encoding="UTF-8"?>
<!-- Generated by org.testng.reporters.JUnitXMLReporter -->
<testsuite hostname="DESKTOP-9UPLSBP" ignored="0" name="Default test" tests="7" failures="0" timestamp="23 Dec 2017 07:38:12 GMT" time="2.143" errors="0">
  <testcase name="testLogin" time="0.006" classname="com.HybridFrameWork.Test2"/>
  <testcase name="testLogin" time="0.001" classname="com.HybridFrameWork.Test2"/>
  <testcase name="testLogin" time="0.003" classname="com.HybridFrameWork.Test2"/>
  <testcase name="testLogin" time="0.001" classname="com.HybridFrameWork.Test2"/>
  <testcase name="testLogin" time="0.001" classname="com.HybridFrameWork.Test2"/>
  <testcase name="testLogin" time="0.001" classname="com.HybridFrameWork.Test2"/>
  <testcase name="testLogin" time="0.001" classname="com.HybridFrameWork.Test2"/>
</testsuite> <!-- Default test -->
