<?xml version="1.0" encoding="UTF-8"?>
<testng-results skipped="0" failed="1" ignored="0" total="1" passed="0">
  <reporter-output>
  </reporter-output>
  <suite name="Default suite" duration-ms="15206" started-at="2018-01-11T05:32:09Z" finished-at="2018-01-11T05:32:24Z">
    <groups>
    </groups>
    <test name="Default test" duration-ms="15206" started-at="2018-01-11T05:32:09Z" finished-at="2018-01-11T05:32:24Z">
      <class name="com.HybridFrameWork.SignUpPage.TC001_verifiyCorrectHeaderAppears">
        <test-method status="PASS" signature="launchBrowser()[pri:0, instance:com.HybridFrameWork.SignUpPage.TC001_verifiyCorrectHeaderAppears@1758f2a]" name="launchBrowser" is-config="true" duration-ms="12385" started-at="2018-01-11T11:02:09Z" finished-at="2018-01-11T11:02:21Z">
          <reporter-output>
          </reporter-output>
        </test-method> <!-- launchBrowser -->
        <test-method status="PASS" signature="beforeMethod(java.lang.reflect.Method)[pri:0, instance:com.HybridFrameWork.SignUpPage.TC001_verifiyCorrectHeaderAppears@1758f2a]" name="beforeMethod" is-config="true" duration-ms="8" started-at="2018-01-11T11:02:21Z" finished-at="2018-01-11T11:02:21Z">
          <params>
            <param index="0">
              <value>
                <![CDATA[public void com.HybridFrameWork.SignUpPage.TC001_verifiyCorrectHeaderAppears.test1()]]>
              </value>
            </param>
          </params>
          <reporter-output>
          </reporter-output>
        </test-method> <!-- beforeMethod -->
        <test-method status="FAIL" signature="test1()[pri:0, instance:com.HybridFrameWork.SignUpPage.TC001_verifiyCorrectHeaderAppears@1758f2a]" name="test1" duration-ms="1097" started-at="2018-01-11T11:02:21Z" finished-at="2018-01-11T11:02:22Z">
          <exception class="java.lang.NullPointerException">
            <full-stacktrace>
              <![CDATA[java.lang.NullPointerException
	at com.HybridFrameWork.SignUpPage.TC001_verifiyCorrectHeaderAppears.test1(TC001_verifiyCorrectHeaderAppears.java:22)
	at sun.reflect.NativeMethodAccessorImpl.invoke0(Native Method)
	at sun.reflect.NativeMethodAccessorImpl.invoke(NativeMethodAccessorImpl.java:62)
	at sun.reflect.DelegatingMethodAccessorImpl.invoke(DelegatingMethodAccessorImpl.java:43)
	at java.lang.reflect.Method.invoke(Method.java:497)
	at org.testng.internal.MethodInvocationHelper.invokeMethod(MethodInvocationHelper.java:108)
	at org.testng.internal.Invoker.invokeMethod(Invoker.java:661)
	at org.testng.internal.Invoker.invokeTestMethod(Invoker.java:869)
	at org.testng.internal.Invoker.invokeTestMethods(Invoker.java:1193)
	at org.testng.internal.TestMethodWorker.invokeTestMethods(TestMethodWorker.java:126)
	at org.testng.internal.TestMethodWorker.run(TestMethodWorker.java:109)
	at org.testng.TestRunner.privateRun(TestRunner.java:744)
	at org.testng.TestRunner.run(TestRunner.java:602)
	at org.testng.SuiteRunner.runTest(SuiteRunner.java:380)
	at org.testng.SuiteRunner.runSequentially(SuiteRunner.java:375)
	at org.testng.SuiteRunner.privateRun(SuiteRunner.java:340)
	at org.testng.SuiteRunner.run(SuiteRunner.java:289)
	at org.testng.SuiteRunnerWorker.runSuite(SuiteRunnerWorker.java:52)
	at org.testng.SuiteRunnerWorker.run(SuiteRunnerWorker.java:86)
	at org.testng.TestNG.runSuitesSequentially(TestNG.java:1301)
	at org.testng.TestNG.runSuitesLocally(TestNG.java:1226)
	at org.testng.TestNG.runSuites(TestNG.java:1144)
	at org.testng.TestNG.run(TestNG.java:1115)
	at org.testng.remote.AbstractRemoteTestNG.run(AbstractRemoteTestNG.java:114)
	at org.testng.remote.RemoteTestNG.initAndRun(RemoteTestNG.java:251)
	at org.testng.remote.RemoteTestNG.main(RemoteTestNG.java:77)
]]>
            </full-stacktrace>
          </exception> <!-- java.lang.NullPointerException -->
          <reporter-output>
          </reporter-output>
        </test-method> <!-- test1 -->
        <test-method status="PASS" signature="afterMethod(org.testng.ITestResult)[pri:0, instance:com.HybridFrameWork.SignUpPage.TC001_verifiyCorrectHeaderAppears@1758f2a]" name="afterMethod" is-config="true" duration-ms="392" started-at="2018-01-11T11:02:22Z" finished-at="2018-01-11T11:02:22Z">
          <params>
            <param index="0">
              <value>
                <![CDATA[[TestResult name=test1 status=FAILURE method=TC001_verifiyCorrectHeaderAppears.test1()[pri:0, instance:com.HybridFrameWork.SignUpPage.TC001_verifiyCorrectHeaderAppears@1758f2a] output={null}]]]>
              </value>
            </param>
          </params>
          <reporter-output>
          </reporter-output>
        </test-method> <!-- afterMethod -->
        <test-method status="PASS" signature="endTest()[pri:0, instance:com.HybridFrameWork.SignUpPage.TC001_verifiyCorrectHeaderAppears@1758f2a]" name="endTest" is-config="true" duration-ms="1292" started-at="2018-01-11T11:02:22Z" finished-at="2018-01-11T11:02:24Z">
          <reporter-output>
          </reporter-output>
        </test-method> <!-- endTest -->
      </class> <!-- com.HybridFrameWork.SignUpPage.TC001_verifiyCorrectHeaderAppears -->
    </test> <!-- Default test -->
  </suite> <!-- Default suite -->
</testng-results>
